This file contains any messages produced by compilers while
running configure, to aid debugging if configure makes a mistake.

It was created by HMMER configure 3.1b1, which was
generated by GNU Autoconf 2.63.  Invocation command line was

  $ ./configure 

## --------- ##
## Platform. ##
## --------- ##

hostname = n010
uname -m = x86_64
uname -r = 2.6.32-431.el6.x86_64
uname -s = Linux
uname -v = #1 SMP Fri Nov 22 03:15:09 UTC 2013

/usr/bin/uname -p = unknown
/bin/uname -X     = unknown

/bin/arch              = x86_64
/usr/bin/arch -k       = unknown
/usr/convex/getsysinfo = unknown
/usr/bin/hostinfo      = unknown
/bin/machine           = unknown
/usr/bin/oslevel       = unknown
/bin/universe          = unknown

PATH: /mnt/projects/bertrandd/opera_lg/SOFTWARE/pplacer/pplacer-Linux-v1.1.alpha17
PATH: /mnt/software/stow/hmmer-3.1b1/bin/
PATH: /mnt/software/stow/hmmer-3.1b1/bin/
PATH: /opt/gcc-4.9.3/bin
PATH: /mnt/software/stow/bowtie2-2.2.6/bin/
PATH: /home/kohjy/perl5/bin
PATH: /mnt/software/unstowable/root_v5.34.30/bin
PATH: /mnt/software/unstowable/16S_pipeline/
PATH: /mnt/software/unstowable/CREST-1.0/
PATH: /mnt/software/unstowable/anaconda/bin/
PATH: /mnt/software/bin
PATH: /mnt/software/unstowable/prokka/bin/
PATH: /mnt/software/unstowable/homer/bin
PATH: /mnt/software/unstowable/interproscan-5-rc4-64-bit/interproscan-5-RC4
PATH: /mnt/software/unstowable/trinityrnaseq_r2012-10-05
PATH: /mnt/software/unstowable/metasim-0.9.5
PATH: /mnt/software/unstowable/euler-sr.1.1.2
PATH: /mnt/software/unstowable/denovo2
PATH: /mnt/software/unstowable/mummer-3.23
PATH: /opt/uge-8.1.7p3/bin/lx-amd64
PATH: /usr/lib64/qt-3.3/bin
PATH: /usr/local/bin
PATH: /bin
PATH: /usr/bin
PATH: /opt/uge-8.1.7p3/bin/lx-amd64
PATH: /usr/local/sbin
PATH: /usr/sbin
PATH: /sbin
PATH: /opt/sgi/sgimc/bin
PATH: /mnt/software/unstowable/rmblast-1.2-ncbi-blast-2.2.23+/bin
PATH: /mnt/software/unstowable/mosek/6/tools/platform/linux64x86/bin
PATH: /mnt/software/unstowable/shorah.git-1930ed8
PATH: /mnt/software/unstowable/qualimap_v2.0/
PATH: /mnt/software/unstowable/PASA_r20130907/bin
PATH: /mnt/software/unstowable/netbox-1.0/bin
PATH: /mnt/software/unstowable/PBSuite_15.2.20/bin/
PATH: /mnt/software/unstowable/DFilter1.6/
PATH: /mnt/projects/lich/dream_challenge/tmp/biobakery-metaphlan2-3d22a72b109b/
PATH: /home/kohjy/diamond
PATH: /home/lich/.local/bin/
PATH: /home/kohjy/bin


## ----------- ##
## Core tests. ##
## ----------- ##

configure:1869: Configuring HMMER for your system.
configure:2018: checking build system type
configure:2036: result: x86_64-unknown-linux-gnu
configure:2058: checking host system type
configure:2073: result: x86_64-unknown-linux-gnu
configure:2106: Full HMMER source distribution - using full configuration
configure:2316: checking for gcc
configure:2332: found /opt/gcc-4.9.3/bin/gcc
configure:2343: result: gcc
configure:2575: checking for C compiler version
configure:2583: gcc --version >&5
gcc (GCC) 4.9.3
Copyright (C) 2015 Free Software Foundation, Inc.
This is free software; see the source for copying conditions.  There is NO
warranty; not even for MERCHANTABILITY or FITNESS FOR A PARTICULAR PURPOSE.

configure:2587: $? = 0
configure:2594: gcc -v >&5
Using built-in specs.
COLLECT_GCC=gcc
COLLECT_LTO_WRAPPER=/opt/gcc-4.9.3/libexec/gcc/x86_64-unknown-linux-gnu/4.9.3/lto-wrapper
Target: x86_64-unknown-linux-gnu
Configured with: ./gcc_4_9_3_release/configure --prefix=/opt/gcc-4.9.3
Thread model: posix
gcc version 4.9.3 (GCC) 
configure:2598: $? = 0
configure:2605: gcc -V >&5
gcc: error: unrecognized command line option '-V'
gcc: fatal error: no input files
compilation terminated.
configure:2609: $? = 1
configure:2632: checking for C compiler default output file name
configure:2654: gcc    conftest.c  >&5
configure:2658: $? = 0
configure:2696: result: a.out
configure:2715: checking whether the C compiler works
configure:2725: ./a.out
configure:2729: $? = 0
configure:2748: result: yes
configure:2755: checking whether we are cross compiling
configure:2757: result: no
configure:2760: checking for suffix of executables
configure:2767: gcc -o conftest    conftest.c  >&5
configure:2771: $? = 0
configure:2797: result: 
configure:2803: checking for suffix of object files
configure:2829: gcc -c   conftest.c >&5
configure:2833: $? = 0
configure:2858: result: o
configure:2862: checking whether we are using the GNU C compiler
configure:2891: gcc -c   conftest.c >&5
configure:2898: $? = 0
configure:2915: result: yes
configure:2924: checking whether gcc accepts -g
configure:2954: gcc -c -g  conftest.c >&5
configure:2961: $? = 0
configure:3062: result: yes
configure:3079: checking for gcc option to accept ISO C89
configure:3153: gcc  -c -g -O2  conftest.c >&5
configure:3160: $? = 0
configure:3183: result: none needed
configure:3203: checking for C compiler vendor
configure:3237: gcc -c -g -O2  conftest.c >&5
conftest.c: In function 'main':
conftest.c:25:7: error: 'thisisanerror' undeclared (first use in this function)
       thisisanerror;
       ^
conftest.c:25:7: note: each undeclared identifier is reported only once for each function it appears in
configure:3244: $? = 1
configure: failed program was:
| /* confdefs.h.  */
| #define PACKAGE_NAME "HMMER"
| #define PACKAGE_TARNAME "hmmer"
| #define PACKAGE_VERSION "3.1b1"
| #define PACKAGE_STRING "HMMER 3.1b1"
| #define PACKAGE_BUGREPORT "eddys@janelia.hhmi.org"
| #define HMMER_DATE "May 2013"
| #define HMMER_COPYRIGHT "Copyright (C) 2013 Howard Hughes Medical Institute."
| #define HMMER_LICENSE "Freely distributed under the GNU General Public License (GPLv3)."
| #define HMMER_VERSION "3.1b1"
| #define HMMER_URL "http://hmmer.org/"
| #define EASEL_DATE "May 2013"
| #define EASEL_COPYRIGHT "Copyright (C) 2013 Howard Hughes Medical Institute."
| #define EASEL_LICENSE "Freely distributed under the Janelia Farm Software License."
| #define EASEL_VERSION "h3.1b1"
| #define eslLIBRARY 1
| #define eslDEBUGLEVEL 0
| /* end confdefs.h.  */
| 
| int
| main ()
| {
| 
| #if !(defined(__ICC) || defined(__ECC) || defined(__INTEL_COMPILER))
|       thisisanerror;
| #endif
| 
|   ;
|   return 0;
| }
configure:3237: gcc -c -g -O2  conftest.c >&5
conftest.c: In function 'main':
conftest.c:25:7: error: 'thisisanerror' undeclared (first use in this function)
       thisisanerror;
       ^
conftest.c:25:7: note: each undeclared identifier is reported only once for each function it appears in
configure:3244: $? = 1
configure: failed program was:
| /* confdefs.h.  */
| #define PACKAGE_NAME "HMMER"
| #define PACKAGE_TARNAME "hmmer"
| #define PACKAGE_VERSION "3.1b1"
| #define PACKAGE_STRING "HMMER 3.1b1"
| #define PACKAGE_BUGREPORT "eddys@janelia.hhmi.org"
| #define HMMER_DATE "May 2013"
| #define HMMER_COPYRIGHT "Copyright (C) 2013 Howard Hughes Medical Institute."
| #define HMMER_LICENSE "Freely distributed under the GNU General Public License (GPLv3)."
| #define HMMER_VERSION "3.1b1"
| #define HMMER_URL "http://hmmer.org/"
| #define EASEL_DATE "May 2013"
| #define EASEL_COPYRIGHT "Copyright (C) 2013 Howard Hughes Medical Institute."
| #define EASEL_LICENSE "Freely distributed under the Janelia Farm Software License."
| #define EASEL_VERSION "h3.1b1"
| #define eslLIBRARY 1
| #define eslDEBUGLEVEL 0
| /* end confdefs.h.  */
| 
| int
| main ()
| {
| 
| #if !(defined(__xlc__) || defined(__xlC__) || defined(__IBMC__) || defined(__IBMCPP__))
|       thisisanerror;
| #endif
| 
|   ;
|   return 0;
| }
configure:3237: gcc -c -g -O2  conftest.c >&5
conftest.c: In function 'main':
conftest.c:25:7: error: 'thisisanerror' undeclared (first use in this function)
       thisisanerror;
       ^
conftest.c:25:7: note: each undeclared identifier is reported only once for each function it appears in
configure:3244: $? = 1
configure: failed program was:
| /* confdefs.h.  */
| #define PACKAGE_NAME "HMMER"
| #define PACKAGE_TARNAME "hmmer"
| #define PACKAGE_VERSION "3.1b1"
| #define PACKAGE_STRING "HMMER 3.1b1"
| #define PACKAGE_BUGREPORT "eddys@janelia.hhmi.org"
| #define HMMER_DATE "May 2013"
| #define HMMER_COPYRIGHT "Copyright (C) 2013 Howard Hughes Medical Institute."
| #define HMMER_LICENSE "Freely distributed under the GNU General Public License (GPLv3)."
| #define HMMER_VERSION "3.1b1"
| #define HMMER_URL "http://hmmer.org/"
| #define EASEL_DATE "May 2013"
| #define EASEL_COPYRIGHT "Copyright (C) 2013 Howard Hughes Medical Institute."
| #define EASEL_LICENSE "Freely distributed under the Janelia Farm Software License."
| #define EASEL_VERSION "h3.1b1"
| #define eslLIBRARY 1
| #define eslDEBUGLEVEL 0
| /* end confdefs.h.  */
| 
| int
| main ()
| {
| 
| #if !(defined(__PATHCC__) || defined(__PATHSCALE__))
|       thisisanerror;
| #endif
| 
|   ;
|   return 0;
| }
configure:3237: gcc -c -g -O2  conftest.c >&5
configure:3244: $? = 0
configure:3261: result: gnu
configure:3501: checking for the pthreads library -lpthreads
configure:3544: gcc -o conftest -g -O2    conftest.c -lpthreads  >&5
/usr/bin/ld: cannot find -lpthreads
collect2: error: ld returned 1 exit status
configure:3551: $? = 1
configure: failed program was:
| /* confdefs.h.  */
| #define PACKAGE_NAME "HMMER"
| #define PACKAGE_TARNAME "hmmer"
| #define PACKAGE_VERSION "3.1b1"
| #define PACKAGE_STRING "HMMER 3.1b1"
| #define PACKAGE_BUGREPORT "eddys@janelia.hhmi.org"
| #define HMMER_DATE "May 2013"
| #define HMMER_COPYRIGHT "Copyright (C) 2013 Howard Hughes Medical Institute."
| #define HMMER_LICENSE "Freely distributed under the GNU General Public License (GPLv3)."
| #define HMMER_VERSION "3.1b1"
| #define HMMER_URL "http://hmmer.org/"
| #define EASEL_DATE "May 2013"
| #define EASEL_COPYRIGHT "Copyright (C) 2013 Howard Hughes Medical Institute."
| #define EASEL_LICENSE "Freely distributed under the Janelia Farm Software License."
| #define EASEL_VERSION "h3.1b1"
| #define eslLIBRARY 1
| #define eslDEBUGLEVEL 0
| /* end confdefs.h.  */
| #include <pthread.h>
| int
| main ()
| {
| pthread_t th; pthread_join(th, 0);
|                      pthread_attr_init(0); pthread_cleanup_push(0, 0);
|                      pthread_create(0,0,0,0); pthread_cleanup_pop(0);
|   ;
|   return 0;
| }
configure:3574: result: no
configure:3446: checking whether pthreads work without any flags
configure:3544: gcc -o conftest -g -O2    conftest.c   >&5
/tmp/ccsKv7bW.o: In function `main':
/mnt/projects/bertrandd/opera_lg/SOFTWARE/MAXBIN/MaxBin-2.2.4/auxiliary/hmmer-3.1b1/conftest.c:23: undefined reference to `pthread_join'
/mnt/projects/bertrandd/opera_lg/SOFTWARE/MAXBIN/MaxBin-2.2.4/auxiliary/hmmer-3.1b1/conftest.c:24: undefined reference to `__pthread_register_cancel'
/mnt/projects/bertrandd/opera_lg/SOFTWARE/MAXBIN/MaxBin-2.2.4/auxiliary/hmmer-3.1b1/conftest.c:25: undefined reference to `pthread_create'
/mnt/projects/bertrandd/opera_lg/SOFTWARE/MAXBIN/MaxBin-2.2.4/auxiliary/hmmer-3.1b1/conftest.c:25: undefined reference to `__pthread_unregister_cancel'
collect2: error: ld returned 1 exit status
configure:3551: $? = 1
configure: failed program was:
| /* confdefs.h.  */
| #define PACKAGE_NAME "HMMER"
| #define PACKAGE_TARNAME "hmmer"
| #define PACKAGE_VERSION "3.1b1"
| #define PACKAGE_STRING "HMMER 3.1b1"
| #define PACKAGE_BUGREPORT "eddys@janelia.hhmi.org"
| #define HMMER_DATE "May 2013"
| #define HMMER_COPYRIGHT "Copyright (C) 2013 Howard Hughes Medical Institute."
| #define HMMER_LICENSE "Freely distributed under the GNU General Public License (GPLv3)."
| #define HMMER_VERSION "3.1b1"
| #define HMMER_URL "http://hmmer.org/"
| #define EASEL_DATE "May 2013"
| #define EASEL_COPYRIGHT "Copyright (C) 2013 Howard Hughes Medical Institute."
| #define EASEL_LICENSE "Freely distributed under the Janelia Farm Software License."
| #define EASEL_VERSION "h3.1b1"
| #define eslLIBRARY 1
| #define eslDEBUGLEVEL 0
| /* end confdefs.h.  */
| #include <pthread.h>
| int
| main ()
| {
| pthread_t th; pthread_join(th, 0);
|                      pthread_attr_init(0); pthread_cleanup_push(0, 0);
|                      pthread_create(0,0,0,0); pthread_cleanup_pop(0);
|   ;
|   return 0;
| }
configure:3574: result: no
configure:3451: checking whether pthreads work with -Kthread
configure:3544: gcc -o conftest -g -O2 -Kthread   conftest.c   >&5
gcc: error: unrecognized command line option '-Kthread'
configure:3551: $? = 1
configure: failed program was:
| /* confdefs.h.  */
| #define PACKAGE_NAME "HMMER"
| #define PACKAGE_TARNAME "hmmer"
| #define PACKAGE_VERSION "3.1b1"
| #define PACKAGE_STRING "HMMER 3.1b1"
| #define PACKAGE_BUGREPORT "eddys@janelia.hhmi.org"
| #define HMMER_DATE "May 2013"
| #define HMMER_COPYRIGHT "Copyright (C) 2013 Howard Hughes Medical Institute."
| #define HMMER_LICENSE "Freely distributed under the GNU General Public License (GPLv3)."
| #define HMMER_VERSION "3.1b1"
| #define HMMER_URL "http://hmmer.org/"
| #define EASEL_DATE "May 2013"
| #define EASEL_COPYRIGHT "Copyright (C) 2013 Howard Hughes Medical Institute."
| #define EASEL_LICENSE "Freely distributed under the Janelia Farm Software License."
| #define EASEL_VERSION "h3.1b1"
| #define eslLIBRARY 1
| #define eslDEBUGLEVEL 0
| /* end confdefs.h.  */
| #include <pthread.h>
| int
| main ()
| {
| pthread_t th; pthread_join(th, 0);
|                      pthread_attr_init(0); pthread_cleanup_push(0, 0);
|                      pthread_create(0,0,0,0); pthread_cleanup_pop(0);
|   ;
|   return 0;
| }
configure:3574: result: no
configure:3451: checking whether pthreads work with -kthread
configure:3544: gcc -o conftest -g -O2 -kthread   conftest.c   >&5
gcc: error: unrecognized command line option '-kthread'
configure:3551: $? = 1
configure: failed program was:
| /* confdefs.h.  */
| #define PACKAGE_NAME "HMMER"
| #define PACKAGE_TARNAME "hmmer"
| #define PACKAGE_VERSION "3.1b1"
| #define PACKAGE_STRING "HMMER 3.1b1"
| #define PACKAGE_BUGREPORT "eddys@janelia.hhmi.org"
| #define HMMER_DATE "May 2013"
| #define HMMER_COPYRIGHT "Copyright (C) 2013 Howard Hughes Medical Institute."
| #define HMMER_LICENSE "Freely distributed under the GNU General Public License (GPLv3)."
| #define HMMER_VERSION "3.1b1"
| #define HMMER_URL "http://hmmer.org/"
| #define EASEL_DATE "May 2013"
| #define EASEL_COPYRIGHT "Copyright (C) 2013 Howard Hughes Medical Institute."
| #define EASEL_LICENSE "Freely distributed under the Janelia Farm Software License."
| #define EASEL_VERSION "h3.1b1"
| #define eslLIBRARY 1
| #define eslDEBUGLEVEL 0
| /* end confdefs.h.  */
| #include <pthread.h>
| int
| main ()
| {
| pthread_t th; pthread_join(th, 0);
|                      pthread_attr_init(0); pthread_cleanup_push(0, 0);
|                      pthread_create(0,0,0,0); pthread_cleanup_pop(0);
|   ;
|   return 0;
| }
configure:3574: result: no
configure:3501: checking for the pthreads library -llthread
configure:3544: gcc -o conftest -g -O2    conftest.c -llthread  >&5
/usr/bin/ld: cannot find -llthread
collect2: error: ld returned 1 exit status
configure:3551: $? = 1
configure: failed program was:
| /* confdefs.h.  */
| #define PACKAGE_NAME "HMMER"
| #define PACKAGE_TARNAME "hmmer"
| #define PACKAGE_VERSION "3.1b1"
| #define PACKAGE_STRING "HMMER 3.1b1"
| #define PACKAGE_BUGREPORT "eddys@janelia.hhmi.org"
| #define HMMER_DATE "May 2013"
| #define HMMER_COPYRIGHT "Copyright (C) 2013 Howard Hughes Medical Institute."
| #define HMMER_LICENSE "Freely distributed under the GNU General Public License (GPLv3)."
| #define HMMER_VERSION "3.1b1"
| #define HMMER_URL "http://hmmer.org/"
| #define EASEL_DATE "May 2013"
| #define EASEL_COPYRIGHT "Copyright (C) 2013 Howard Hughes Medical Institute."
| #define EASEL_LICENSE "Freely distributed under the Janelia Farm Software License."
| #define EASEL_VERSION "h3.1b1"
| #define eslLIBRARY 1
| #define eslDEBUGLEVEL 0
| /* end confdefs.h.  */
| #include <pthread.h>
| int
| main ()
| {
| pthread_t th; pthread_join(th, 0);
|                      pthread_attr_init(0); pthread_cleanup_push(0, 0);
|                      pthread_create(0,0,0,0); pthread_cleanup_pop(0);
|   ;
|   return 0;
| }
configure:3574: result: no
configure:3451: checking whether pthreads work with -pthread
configure:3544: gcc -o conftest -g -O2 -pthread   conftest.c   >&5
configure:3551: $? = 0
configure:3574: result: yes
configure:3594: checking for joinable pthread attribute
configure:3617: gcc -o conftest -g -O2 -pthread   conftest.c   >&5
configure:3624: $? = 0
configure:3699: result: PTHREAD_CREATE_JOINABLE
configure:3706: checking if more special flags are required for pthreads
configure:3716: result: no
configure:3728: checking for cc_r
configure:3756: result: gcc
configure:3932: checking for gcc
configure:3959: result: gcc
configure:4191: checking for C compiler version
configure:4199: gcc --version >&5
gcc (GCC) 4.9.3
Copyright (C) 2015 Free Software Foundation, Inc.
This is free software; see the source for copying conditions.  There is NO
warranty; not even for MERCHANTABILITY or FITNESS FOR A PARTICULAR PURPOSE.

configure:4203: $? = 0
configure:4210: gcc -v >&5
Using built-in specs.
COLLECT_GCC=gcc
COLLECT_LTO_WRAPPER=/opt/gcc-4.9.3/libexec/gcc/x86_64-unknown-linux-gnu/4.9.3/lto-wrapper
Target: x86_64-unknown-linux-gnu
Configured with: ./gcc_4_9_3_release/configure --prefix=/opt/gcc-4.9.3
Thread model: posix
gcc version 4.9.3 (GCC) 
configure:4214: $? = 0
configure:4221: gcc -V >&5
gcc: error: unrecognized command line option '-V'
gcc: fatal error: no input files
compilation terminated.
configure:4225: $? = 1
configure:4228: checking whether we are using the GNU C compiler
configure:4281: result: yes
configure:4290: checking whether gcc accepts -g
configure:4428: result: yes
configure:4445: checking for gcc option to accept ISO C89
configure:4549: result: none needed
configure:4581: checking for a BSD-compatible install
configure:4649: result: /usr/bin/install -c
configure:5029: checking how to run the C preprocessor
configure:5069: gcc -E  conftest.c
configure:5076: $? = 0
configure:5107: gcc -E  conftest.c
conftest.c:21:28: fatal error: ac_nonexistent.h: No such file or directory
 #include <ac_nonexistent.h>
                            ^
compilation terminated.
configure:5114: $? = 1
configure: failed program was:
| /* confdefs.h.  */
| #define PACKAGE_NAME "HMMER"
| #define PACKAGE_TARNAME "hmmer"
| #define PACKAGE_VERSION "3.1b1"
| #define PACKAGE_STRING "HMMER 3.1b1"
| #define PACKAGE_BUGREPORT "eddys@janelia.hhmi.org"
| #define HMMER_DATE "May 2013"
| #define HMMER_COPYRIGHT "Copyright (C) 2013 Howard Hughes Medical Institute."
| #define HMMER_LICENSE "Freely distributed under the GNU General Public License (GPLv3)."
| #define HMMER_VERSION "3.1b1"
| #define HMMER_URL "http://hmmer.org/"
| #define EASEL_DATE "May 2013"
| #define EASEL_COPYRIGHT "Copyright (C) 2013 Howard Hughes Medical Institute."
| #define EASEL_LICENSE "Freely distributed under the Janelia Farm Software License."
| #define EASEL_VERSION "h3.1b1"
| #define eslLIBRARY 1
| #define eslDEBUGLEVEL 0
| #define HMMER_THREADS 1
| #define HAVE_PTHREAD 1
| /* end confdefs.h.  */
| #include <ac_nonexistent.h>
configure:5147: result: gcc -E
configure:5176: gcc -E  conftest.c
configure:5183: $? = 0
configure:5214: gcc -E  conftest.c
conftest.c:21:28: fatal error: ac_nonexistent.h: No such file or directory
 #include <ac_nonexistent.h>
                            ^
compilation terminated.
configure:5221: $? = 1
configure: failed program was:
| /* confdefs.h.  */
| #define PACKAGE_NAME "HMMER"
| #define PACKAGE_TARNAME "hmmer"
| #define PACKAGE_VERSION "3.1b1"
| #define PACKAGE_STRING "HMMER 3.1b1"
| #define PACKAGE_BUGREPORT "eddys@janelia.hhmi.org"
| #define HMMER_DATE "May 2013"
| #define HMMER_COPYRIGHT "Copyright (C) 2013 Howard Hughes Medical Institute."
| #define HMMER_LICENSE "Freely distributed under the GNU General Public License (GPLv3)."
| #define HMMER_VERSION "3.1b1"
| #define HMMER_URL "http://hmmer.org/"
| #define EASEL_DATE "May 2013"
| #define EASEL_COPYRIGHT "Copyright (C) 2013 Howard Hughes Medical Institute."
| #define EASEL_LICENSE "Freely distributed under the Janelia Farm Software License."
| #define EASEL_VERSION "h3.1b1"
| #define eslLIBRARY 1
| #define eslDEBUGLEVEL 0
| #define HMMER_THREADS 1
| #define HAVE_PTHREAD 1
| /* end confdefs.h.  */
| #include <ac_nonexistent.h>
configure:5261: checking for C compiler vendor
configure:5319: result: gnu
configure:5326: checking for gcc option to accept ISO C99
configure:5485: gcc  -c -g -O2  conftest.c >&5
conftest.c:71:29: error: expected ';', ',' or ')' before 'text'
 test_restrict (ccp restrict text)
                             ^
conftest.c: In function 'main':
conftest.c:125:18: error: expected '=', ',', ';', 'asm' or '__attribute__' before 'newvar'
   char *restrict newvar = "Another string";
                  ^
conftest.c:125:18: error: 'newvar' undeclared (first use in this function)
conftest.c:125:18: note: each undeclared identifier is reported only once for each function it appears in
conftest.c:135:3: error: 'for' loop initial declarations are only allowed in C99 or C11 mode
   for (int i = 0; i < ia->datasize; ++i)
   ^
conftest.c:135:3: note: use option -std=c99, -std=gnu99, -std=c11 or -std=gnu11 to compile your code
configure:5492: $? = 1
configure: failed program was:
| /* confdefs.h.  */
| #define PACKAGE_NAME "HMMER"
| #define PACKAGE_TARNAME "hmmer"
| #define PACKAGE_VERSION "3.1b1"
| #define PACKAGE_STRING "HMMER 3.1b1"
| #define PACKAGE_BUGREPORT "eddys@janelia.hhmi.org"
| #define HMMER_DATE "May 2013"
| #define HMMER_COPYRIGHT "Copyright (C) 2013 Howard Hughes Medical Institute."
| #define HMMER_LICENSE "Freely distributed under the GNU General Public License (GPLv3)."
| #define HMMER_VERSION "3.1b1"
| #define HMMER_URL "http://hmmer.org/"
| #define EASEL_DATE "May 2013"
| #define EASEL_COPYRIGHT "Copyright (C) 2013 Howard Hughes Medical Institute."
| #define EASEL_LICENSE "Freely distributed under the Janelia Farm Software License."
| #define EASEL_VERSION "h3.1b1"
| #define eslLIBRARY 1
| #define eslDEBUGLEVEL 0
| #define HMMER_THREADS 1
| #define HAVE_PTHREAD 1
| /* end confdefs.h.  */
| #include <stdarg.h>
| #include <stdbool.h>
| #include <stdlib.h>
| #include <wchar.h>
| #include <stdio.h>
| 
| // Check varargs macros.  These examples are taken from C99 6.10.3.5.
| #define debug(...) fprintf (stderr, __VA_ARGS__)
| #define showlist(...) puts (#__VA_ARGS__)
| #define report(test,...) ((test) ? puts (#test) : printf (__VA_ARGS__))
| static void
| test_varargs_macros (void)
| {
|   int x = 1234;
|   int y = 5678;
|   debug ("Flag");
|   debug ("X = %d\n", x);
|   showlist (The first, second, and third items.);
|   report (x>y, "x is %d but y is %d", x, y);
| }
| 
| // Check long long types.
| #define BIG64 18446744073709551615ull
| #define BIG32 4294967295ul
| #define BIG_OK (BIG64 / BIG32 == 4294967297ull && BIG64 % BIG32 == 0)
| #if !BIG_OK
|   your preprocessor is broken;
| #endif
| #if BIG_OK
| #else
|   your preprocessor is broken;
| #endif
| static long long int bignum = -9223372036854775807LL;
| static unsigned long long int ubignum = BIG64;
| 
| struct incomplete_array
| {
|   int datasize;
|   double data[];
| };
| 
| struct named_init {
|   int number;
|   const wchar_t *name;
|   double average;
| };
| 
| typedef const char *ccp;
| 
| static inline int
| test_restrict (ccp restrict text)
| {
|   // See if C++-style comments work.
|   // Iterate through items via the restricted pointer.
|   // Also check for declarations in for loops.
|   for (unsigned int i = 0; *(text+i) != '\0'; ++i)
|     continue;
|   return 0;
| }
| 
| // Check varargs and va_copy.
| static void
| test_varargs (const char *format, ...)
| {
|   va_list args;
|   va_start (args, format);
|   va_list args_copy;
|   va_copy (args_copy, args);
| 
|   const char *str;
|   int number;
|   float fnumber;
| 
|   while (*format)
|     {
|       switch (*format++)
| 	{
| 	case 's': // string
| 	  str = va_arg (args_copy, const char *);
| 	  break;
| 	case 'd': // int
| 	  number = va_arg (args_copy, int);
| 	  break;
| 	case 'f': // float
| 	  fnumber = va_arg (args_copy, double);
| 	  break;
| 	default:
| 	  break;
| 	}
|     }
|   va_end (args_copy);
|   va_end (args);
| }
| 
| int
| main ()
| {
| 
|   // Check bool.
|   _Bool success = false;
| 
|   // Check restrict.
|   if (test_restrict ("String literal") == 0)
|     success = true;
|   char *restrict newvar = "Another string";
| 
|   // Check varargs.
|   test_varargs ("s, d' f .", "string", 65, 34.234);
|   test_varargs_macros ();
| 
|   // Check flexible array members.
|   struct incomplete_array *ia =
|     malloc (sizeof (struct incomplete_array) + (sizeof (double) * 10));
|   ia->datasize = 10;
|   for (int i = 0; i < ia->datasize; ++i)
|     ia->data[i] = i * 1.234;
| 
|   // Check named initializers.
|   struct named_init ni = {
|     .number = 34,
|     .name = L"Test wide string",
|     .average = 543.34343,
|   };
| 
|   ni.number = 58;
| 
|   int dynamic_array[ni.number];
|   dynamic_array[ni.number - 1] = 543;
| 
|   // work around unused variable warnings
|   return (!success || bignum == 0LL || ubignum == 0uLL || newvar[0] == 'x'
| 	  || dynamic_array[ni.number - 1] != 543);
| 
|   ;
|   return 0;
| }
configure:5485: gcc -std=gnu99 -c -g -O2  conftest.c >&5
configure:5492: $? = 0
configure:5522: result: -std=gnu99
configure:5653: checking for gcc -std=gnu99 option to accept ISO Standard C
configure:5664: result: -std=gnu99
configure:5713: checking for ranlib
configure:5729: found /usr/bin/ranlib
configure:5740: result: ranlib
configure:5764: checking for ar
configure:5783: found /usr/bin/ar
configure:5796: result: /usr/bin/ar
configure:5805: checking whether you have a GNU make
configure:5816: result: yes, you do; and we assume you will use it!
configure:6215: checking whether C compiler accepts -fstrict-aliasing
configure:6244: gcc -std=gnu99 -c -fstrict-aliasing  conftest.c >&5
configure:6251: $? = 0
configure:6269: result: yes
configure:6294: checking for gcc architecture flag
configure:6296: result: 
configure:6318: checking for x86 cpuid 0 output
configure:6357: gcc -std=gnu99 -o conftest -O3 -fomit-frame-pointer -fstrict-aliasing   conftest.c  >&5
configure:6361: $? = 0
configure:6367: ./conftest
configure:6371: $? = 0
configure:6388: result: d:756e6547:6c65746e:49656e69
configure:6404: checking for x86 cpuid 1 output
configure:6443: gcc -std=gnu99 -o conftest -O3 -fomit-frame-pointer -fstrict-aliasing   conftest.c  >&5
configure:6447: $? = 0
configure:6453: ./conftest
configure:6457: $? = 0
configure:6474: result: 306e4:23200800:7fbee3ff:bfebfbff
configure:6719: checking whether C compiler accepts -march=pentiumpro
configure:6744: gcc -std=gnu99 -c -march=pentiumpro  conftest.c >&5
conftest.c:1:0: error: CPU you selected does not support x86-64 instruction set
 /* confdefs.h.  */
 ^
conftest.c:1:0: error: CPU you selected does not support x86-64 instruction set
configure:6751: $? = 1
configure: failed program was:
| /* confdefs.h.  */
| #define PACKAGE_NAME "HMMER"
| #define PACKAGE_TARNAME "hmmer"
| #define PACKAGE_VERSION "3.1b1"
| #define PACKAGE_STRING "HMMER 3.1b1"
| #define PACKAGE_BUGREPORT "eddys@janelia.hhmi.org"
| #define HMMER_DATE "May 2013"
| #define HMMER_COPYRIGHT "Copyright (C) 2013 Howard Hughes Medical Institute."
| #define HMMER_LICENSE "Freely distributed under the GNU General Public License (GPLv3)."
| #define HMMER_VERSION "3.1b1"
| #define HMMER_URL "http://hmmer.org/"
| #define EASEL_DATE "May 2013"
| #define EASEL_COPYRIGHT "Copyright (C) 2013 Howard Hughes Medical Institute."
| #define EASEL_LICENSE "Freely distributed under the Janelia Farm Software License."
| #define EASEL_VERSION "h3.1b1"
| #define eslLIBRARY 1
| #define eslDEBUGLEVEL 0
| #define HMMER_THREADS 1
| #define HAVE_PTHREAD 1
| /* end confdefs.h.  */
| 
| int
| main ()
| {
| 
|   ;
|   return 0;
| }
configure:6767: result: no
configure:6719: checking whether C compiler accepts -mcpu=pentiumpro
configure:6744: gcc -std=gnu99 -c -mcpu=pentiumpro  conftest.c >&5
gcc: warning: '-mcpu=' is deprecated; use '-mtune=' or '-march=' instead
conftest.c:1:0: error: CPU you selected does not support x86-64 instruction set
 /* confdefs.h.  */
 ^
configure:6751: $? = 1
configure: failed program was:
| /* confdefs.h.  */
| #define PACKAGE_NAME "HMMER"
| #define PACKAGE_TARNAME "hmmer"
| #define PACKAGE_VERSION "3.1b1"
| #define PACKAGE_STRING "HMMER 3.1b1"
| #define PACKAGE_BUGREPORT "eddys@janelia.hhmi.org"
| #define HMMER_DATE "May 2013"
| #define HMMER_COPYRIGHT "Copyright (C) 2013 Howard Hughes Medical Institute."
| #define HMMER_LICENSE "Freely distributed under the GNU General Public License (GPLv3)."
| #define HMMER_VERSION "3.1b1"
| #define HMMER_URL "http://hmmer.org/"
| #define EASEL_DATE "May 2013"
| #define EASEL_COPYRIGHT "Copyright (C) 2013 Howard Hughes Medical Institute."
| #define EASEL_LICENSE "Freely distributed under the Janelia Farm Software License."
| #define EASEL_VERSION "h3.1b1"
| #define eslLIBRARY 1
| #define eslDEBUGLEVEL 0
| #define HMMER_THREADS 1
| #define HAVE_PTHREAD 1
| /* end confdefs.h.  */
| 
| int
| main ()
| {
| 
|   ;
|   return 0;
| }
configure:6767: result: no
configure:6719: checking whether C compiler accepts -mpentiumpro
configure:6744: gcc -std=gnu99 -c -mpentiumpro  conftest.c >&5
gcc: error: unrecognized command line option '-mpentiumpro'
configure:6751: $? = 1
configure: failed program was:
| /* confdefs.h.  */
| #define PACKAGE_NAME "HMMER"
| #define PACKAGE_TARNAME "hmmer"
| #define PACKAGE_VERSION "3.1b1"
| #define PACKAGE_STRING "HMMER 3.1b1"
| #define PACKAGE_BUGREPORT "eddys@janelia.hhmi.org"
| #define HMMER_DATE "May 2013"
| #define HMMER_COPYRIGHT "Copyright (C) 2013 Howard Hughes Medical Institute."
| #define HMMER_LICENSE "Freely distributed under the GNU General Public License (GPLv3)."
| #define HMMER_VERSION "3.1b1"
| #define HMMER_URL "http://hmmer.org/"
| #define EASEL_DATE "May 2013"
| #define EASEL_COPYRIGHT "Copyright (C) 2013 Howard Hughes Medical Institute."
| #define EASEL_LICENSE "Freely distributed under the Janelia Farm Software License."
| #define EASEL_VERSION "h3.1b1"
| #define eslLIBRARY 1
| #define eslDEBUGLEVEL 0
| #define HMMER_THREADS 1
| #define HAVE_PTHREAD 1
| /* end confdefs.h.  */
| 
| int
| main ()
| {
| 
|   ;
|   return 0;
| }
configure:6767: result: no
configure:6784: checking for gcc architecture flag
configure:6786: result: unknown
configure:6808: checking whether C compiler accepts -O3 -fomit-frame-pointer -fstrict-aliasing
configure:6833: gcc -std=gnu99 -c -O3 -fomit-frame-pointer -fstrict-aliasing  conftest.c >&5
configure:6840: $? = 0
configure:6856: result: yes
configure:6901: checking for gcc -std=gnu99 option to produce PIC
configure:6987: result: -fPIC
configure:6996: checking whether C compiler accepts -msse2
configure:7025: gcc -std=gnu99 -c -msse2  conftest.c >&5
configure:7032: $? = 0
configure:7050: result: yes
configure:7519: checking compiler support for sse2 cast functions
configure:7554: gcc -std=gnu99 -c -O3 -fomit-frame-pointer -fstrict-aliasing -msse2  conftest.c >&5
configure:7561: $? = 0
configure:7579: result: yes
configure:7591: checking whether SSE2 is supported
configure:7624: gcc -std=gnu99 -c -O3 -fomit-frame-pointer -fstrict-aliasing -msse2  conftest.c >&5
configure:7631: $? = 0
configure:7636: result: yes
configure:7730: checking whether _MM_SET_FLUSH_ZERO_MODE is supported
configure:7756: gcc -std=gnu99 -c -O3 -fomit-frame-pointer -fstrict-aliasing -msse2  conftest.c >&5
configure:7763: $? = 0
configure:7768: result: yes
configure:7789: Activating Intel/AMD SSE optimized DP implementation
configure:7836: checking compiler support --start-group
configure:7861: gcc -std=gnu99 -o conftest -O3 -fomit-frame-pointer -fstrict-aliasing  -Wl,--start-group -Wl,--end-group  conftest.c  >&5
configure:7868: $? = 0
configure:7876: result: yes
configure:7903: checking for gzip
configure:7921: found /bin/gzip
configure:7934: result: /bin/gzip
configure:8050: checking for grep that handles long lines and -e
configure:8110: result: /bin/grep
configure:8115: checking for egrep
configure:8179: result: /bin/grep -E
configure:8184: checking for ANSI C header files
configure:8214: gcc -std=gnu99 -c -O3 -fomit-frame-pointer -fstrict-aliasing  conftest.c >&5
configure:8221: $? = 0
configure:8320: gcc -std=gnu99 -o conftest -O3 -fomit-frame-pointer -fstrict-aliasing   conftest.c  >&5
configure:8324: $? = 0
configure:8330: ./conftest
configure:8334: $? = 0
configure:8352: result: yes
configure:8376: checking for sys/types.h
configure:8397: gcc -std=gnu99 -c -O3 -fomit-frame-pointer -fstrict-aliasing  conftest.c >&5
configure:8404: $? = 0
configure:8421: result: yes
configure:8376: checking for sys/stat.h
configure:8397: gcc -std=gnu99 -c -O3 -fomit-frame-pointer -fstrict-aliasing  conftest.c >&5
configure:8404: $? = 0
configure:8421: result: yes
configure:8376: checking for stdlib.h
configure:8397: gcc -std=gnu99 -c -O3 -fomit-frame-pointer -fstrict-aliasing  conftest.c >&5
configure:8404: $? = 0
configure:8421: result: yes
configure:8376: checking for string.h
configure:8397: gcc -std=gnu99 -c -O3 -fomit-frame-pointer -fstrict-aliasing  conftest.c >&5
configure:8404: $? = 0
configure:8421: result: yes
configure:8376: checking for memory.h
configure:8397: gcc -std=gnu99 -c -O3 -fomit-frame-pointer -fstrict-aliasing  conftest.c >&5
configure:8404: $? = 0
configure:8421: result: yes
configure:8376: checking for strings.h
configure:8397: gcc -std=gnu99 -c -O3 -fomit-frame-pointer -fstrict-aliasing  conftest.c >&5
configure:8404: $? = 0
configure:8421: result: yes
configure:8376: checking for inttypes.h
configure:8397: gcc -std=gnu99 -c -O3 -fomit-frame-pointer -fstrict-aliasing  conftest.c >&5
configure:8404: $? = 0
configure:8421: result: yes
configure:8376: checking for stdint.h
configure:8397: gcc -std=gnu99 -c -O3 -fomit-frame-pointer -fstrict-aliasing  conftest.c >&5
configure:8404: $? = 0
configure:8421: result: yes
configure:8376: checking for unistd.h
configure:8397: gcc -std=gnu99 -c -O3 -fomit-frame-pointer -fstrict-aliasing  conftest.c >&5
configure:8404: $? = 0
configure:8421: result: yes
configure:8445: checking for sys/types.h
configure:8452: result: yes
configure:8456: checking sys/sysctl.h usability
configure:8473: gcc -std=gnu99 -c -O3 -fomit-frame-pointer -fstrict-aliasing  conftest.c >&5
configure:8480: $? = 0
configure:8494: result: yes
configure:8498: checking sys/sysctl.h presence
configure:8513: gcc -E  conftest.c
configure:8520: $? = 0
configure:8534: result: yes
configure:8567: checking for sys/sysctl.h
configure:8576: result: yes
configure:8445: checking for unistd.h
configure:8452: result: yes
configure:8445: checking for stdint.h
configure:8452: result: yes
configure:8445: checking for inttypes.h
configure:8452: result: yes
configure:8456: checking endian.h usability
configure:8473: gcc -std=gnu99 -c -O3 -fomit-frame-pointer -fstrict-aliasing  conftest.c >&5
configure:8480: $? = 0
configure:8494: result: yes
configure:8498: checking endian.h presence
configure:8513: gcc -E  conftest.c
configure:8520: $? = 0
configure:8534: result: yes
configure:8567: checking for endian.h
configure:8576: result: yes
configure:8757: checking whether byte ordering is bigendian
configure:8782: gcc -std=gnu99 -c -O3 -fomit-frame-pointer -fstrict-aliasing  conftest.c >&5
conftest.c:43:9: error: unknown type name 'not'
         not a universal capable compiler
         ^
conftest.c:43:15: error: expected '=', ',', ';', 'asm' or '__attribute__' before 'universal'
         not a universal capable compiler
               ^
conftest.c:43:15: error: unknown type name 'universal'
configure:8789: $? = 1
configure: failed program was:
| /* confdefs.h.  */
| #define PACKAGE_NAME "HMMER"
| #define PACKAGE_TARNAME "hmmer"
| #define PACKAGE_VERSION "3.1b1"
| #define PACKAGE_STRING "HMMER 3.1b1"
| #define PACKAGE_BUGREPORT "eddys@janelia.hhmi.org"
| #define HMMER_DATE "May 2013"
| #define HMMER_COPYRIGHT "Copyright (C) 2013 Howard Hughes Medical Institute."
| #define HMMER_LICENSE "Freely distributed under the GNU General Public License (GPLv3)."
| #define HMMER_VERSION "3.1b1"
| #define HMMER_URL "http://hmmer.org/"
| #define EASEL_DATE "May 2013"
| #define EASEL_COPYRIGHT "Copyright (C) 2013 Howard Hughes Medical Institute."
| #define EASEL_LICENSE "Freely distributed under the Janelia Farm Software License."
| #define EASEL_VERSION "h3.1b1"
| #define eslLIBRARY 1
| #define eslDEBUGLEVEL 0
| #define HMMER_THREADS 1
| #define HAVE_PTHREAD 1
| #define HAVE_SSE2_CAST 1
| #define HAVE_FLUSH_ZERO_MODE 1
| #define HAVE_SSE2 1
| #define p7_IMPL_SSE 1
| #define HAVE_GZIP 1
| #define STDC_HEADERS 1
| #define HAVE_SYS_TYPES_H 1
| #define HAVE_SYS_STAT_H 1
| #define HAVE_STDLIB_H 1
| #define HAVE_STRING_H 1
| #define HAVE_MEMORY_H 1
| #define HAVE_STRINGS_H 1
| #define HAVE_INTTYPES_H 1
| #define HAVE_STDINT_H 1
| #define HAVE_UNISTD_H 1
| #define HAVE_SYS_TYPES_H 1
| #define HAVE_SYS_SYSCTL_H 1
| #define HAVE_UNISTD_H 1
| #define HAVE_STDINT_H 1
| #define HAVE_INTTYPES_H 1
| #define HAVE_ENDIAN_H 1
| /* end confdefs.h.  */
| #ifndef __APPLE_CC__
| 	       not a universal capable compiler
| 	     #endif
| 	     typedef int dummy;
| 
configure:8839: gcc -std=gnu99 -c -O3 -fomit-frame-pointer -fstrict-aliasing  conftest.c >&5
configure:8846: $? = 0
configure:8878: gcc -std=gnu99 -c -O3 -fomit-frame-pointer -fstrict-aliasing  conftest.c >&5
conftest.c: In function 'main':
conftest.c:49:4: error: unknown type name 'not'
    not big endian
    ^
conftest.c:49:12: error: expected '=', ',', ';', 'asm' or '__attribute__' before 'endian'
    not big endian
            ^
configure:8885: $? = 1
configure: failed program was:
| /* confdefs.h.  */
| #define PACKAGE_NAME "HMMER"
| #define PACKAGE_TARNAME "hmmer"
| #define PACKAGE_VERSION "3.1b1"
| #define PACKAGE_STRING "HMMER 3.1b1"
| #define PACKAGE_BUGREPORT "eddys@janelia.hhmi.org"
| #define HMMER_DATE "May 2013"
| #define HMMER_COPYRIGHT "Copyright (C) 2013 Howard Hughes Medical Institute."
| #define HMMER_LICENSE "Freely distributed under the GNU General Public License (GPLv3)."
| #define HMMER_VERSION "3.1b1"
| #define HMMER_URL "http://hmmer.org/"
| #define EASEL_DATE "May 2013"
| #define EASEL_COPYRIGHT "Copyright (C) 2013 Howard Hughes Medical Institute."
| #define EASEL_LICENSE "Freely distributed under the Janelia Farm Software License."
| #define EASEL_VERSION "h3.1b1"
| #define eslLIBRARY 1
| #define eslDEBUGLEVEL 0
| #define HMMER_THREADS 1
| #define HAVE_PTHREAD 1
| #define HAVE_SSE2_CAST 1
| #define HAVE_FLUSH_ZERO_MODE 1
| #define HAVE_SSE2 1
| #define p7_IMPL_SSE 1
| #define HAVE_GZIP 1
| #define STDC_HEADERS 1
| #define HAVE_SYS_TYPES_H 1
| #define HAVE_SYS_STAT_H 1
| #define HAVE_STDLIB_H 1
| #define HAVE_STRING_H 1
| #define HAVE_MEMORY_H 1
| #define HAVE_STRINGS_H 1
| #define HAVE_INTTYPES_H 1
| #define HAVE_STDINT_H 1
| #define HAVE_UNISTD_H 1
| #define HAVE_SYS_TYPES_H 1
| #define HAVE_SYS_SYSCTL_H 1
| #define HAVE_UNISTD_H 1
| #define HAVE_STDINT_H 1
| #define HAVE_INTTYPES_H 1
| #define HAVE_ENDIAN_H 1
| /* end confdefs.h.  */
| #include <sys/types.h>
| 		#include <sys/param.h>
| 
| int
| main ()
| {
| #if BYTE_ORDER != BIG_ENDIAN
| 		 not big endian
| 		#endif
| 
|   ;
|   return 0;
| }
configure:9137: result: no
configure:9163: checking for uint8_t
configure:9194: gcc -std=gnu99 -c -O3 -fomit-frame-pointer -fstrict-aliasing  conftest.c >&5
configure:9201: $? = 0
configure:9222: result: yes
configure:9240: checking for uint16_t
configure:9271: gcc -std=gnu99 -c -O3 -fomit-frame-pointer -fstrict-aliasing  conftest.c >&5
configure:9278: $? = 0
configure:9299: result: yes
configure:9313: checking for uint32_t
configure:9344: gcc -std=gnu99 -c -O3 -fomit-frame-pointer -fstrict-aliasing  conftest.c >&5
configure:9351: $? = 0
configure:9372: result: yes
configure:9390: checking for uint64_t
configure:9421: gcc -std=gnu99 -c -O3 -fomit-frame-pointer -fstrict-aliasing  conftest.c >&5
configure:9428: $? = 0
configure:9449: result: yes
configure:9466: checking for off_t
configure:9494: gcc -std=gnu99 -c -O3 -fomit-frame-pointer -fstrict-aliasing  conftest.c >&5
configure:9501: $? = 0
configure:9528: gcc -std=gnu99 -c -O3 -fomit-frame-pointer -fstrict-aliasing  conftest.c >&5
conftest.c: In function 'main':
conftest.c:78:20: error: expected expression before ')' token
 if (sizeof ((off_t)))
                    ^
configure:9535: $? = 1
configure: failed program was:
| /* confdefs.h.  */
| #define PACKAGE_NAME "HMMER"
| #define PACKAGE_TARNAME "hmmer"
| #define PACKAGE_VERSION "3.1b1"
| #define PACKAGE_STRING "HMMER 3.1b1"
| #define PACKAGE_BUGREPORT "eddys@janelia.hhmi.org"
| #define HMMER_DATE "May 2013"
| #define HMMER_COPYRIGHT "Copyright (C) 2013 Howard Hughes Medical Institute."
| #define HMMER_LICENSE "Freely distributed under the GNU General Public License (GPLv3)."
| #define HMMER_VERSION "3.1b1"
| #define HMMER_URL "http://hmmer.org/"
| #define EASEL_DATE "May 2013"
| #define EASEL_COPYRIGHT "Copyright (C) 2013 Howard Hughes Medical Institute."
| #define EASEL_LICENSE "Freely distributed under the Janelia Farm Software License."
| #define EASEL_VERSION "h3.1b1"
| #define eslLIBRARY 1
| #define eslDEBUGLEVEL 0
| #define HMMER_THREADS 1
| #define HAVE_PTHREAD 1
| #define HAVE_SSE2_CAST 1
| #define HAVE_FLUSH_ZERO_MODE 1
| #define HAVE_SSE2 1
| #define p7_IMPL_SSE 1
| #define HAVE_GZIP 1
| #define STDC_HEADERS 1
| #define HAVE_SYS_TYPES_H 1
| #define HAVE_SYS_STAT_H 1
| #define HAVE_STDLIB_H 1
| #define HAVE_STRING_H 1
| #define HAVE_MEMORY_H 1
| #define HAVE_STRINGS_H 1
| #define HAVE_INTTYPES_H 1
| #define HAVE_STDINT_H 1
| #define HAVE_UNISTD_H 1
| #define HAVE_SYS_TYPES_H 1
| #define HAVE_SYS_SYSCTL_H 1
| #define HAVE_UNISTD_H 1
| #define HAVE_STDINT_H 1
| #define HAVE_INTTYPES_H 1
| #define HAVE_ENDIAN_H 1
| /* end confdefs.h.  */
| #include <stdio.h>
| #ifdef HAVE_SYS_TYPES_H
| # include <sys/types.h>
| #endif
| #ifdef HAVE_SYS_STAT_H
| # include <sys/stat.h>
| #endif
| #ifdef STDC_HEADERS
| # include <stdlib.h>
| # include <stddef.h>
| #else
| # ifdef HAVE_STDLIB_H
| #  include <stdlib.h>
| # endif
| #endif
| #ifdef HAVE_STRING_H
| # if !defined STDC_HEADERS && defined HAVE_MEMORY_H
| #  include <memory.h>
| # endif
| # include <string.h>
| #endif
| #ifdef HAVE_STRINGS_H
| # include <strings.h>
| #endif
| #ifdef HAVE_INTTYPES_H
| # include <inttypes.h>
| #endif
| #ifdef HAVE_STDINT_H
| # include <stdint.h>
| #endif
| #ifdef HAVE_UNISTD_H
| # include <unistd.h>
| #endif
| int
| main ()
| {
| if (sizeof ((off_t)))
| 	  return 0;
|   ;
|   return 0;
| }
configure:9558: result: yes
configure:9577: checking for mkstemp
configure:9633: gcc -std=gnu99 -o conftest -O3 -fomit-frame-pointer -fstrict-aliasing   conftest.c  >&5
configure:9640: $? = 0
configure:9662: result: yes
configure:9678: checking for popen
configure:9734: gcc -std=gnu99 -o conftest -O3 -fomit-frame-pointer -fstrict-aliasing   conftest.c  >&5
configure:9741: $? = 0
configure:9763: result: yes
configure:9779: checking for strcasecmp
configure:9835: gcc -std=gnu99 -o conftest -O3 -fomit-frame-pointer -fstrict-aliasing   conftest.c  >&5
conftest.c:67:6: warning: conflicting types for built-in function 'strcasecmp'
 char strcasecmp ();
      ^
configure:9842: $? = 0
configure:9864: result: yes
configure:9880: checking for times
configure:9936: gcc -std=gnu99 -o conftest -O3 -fomit-frame-pointer -fstrict-aliasing   conftest.c  >&5
configure:9943: $? = 0
configure:9965: result: yes
configure:9981: checking for getpid
configure:10037: gcc -std=gnu99 -o conftest -O3 -fomit-frame-pointer -fstrict-aliasing   conftest.c  >&5
configure:10044: $? = 0
configure:10066: result: yes
configure:10082: checking for sysctl
configure:10138: gcc -std=gnu99 -o conftest -O3 -fomit-frame-pointer -fstrict-aliasing   conftest.c  >&5
configure:10145: $? = 0
configure:10167: result: yes
configure:10183: checking for sysconf
configure:10239: gcc -std=gnu99 -o conftest -O3 -fomit-frame-pointer -fstrict-aliasing   conftest.c  >&5
configure:10246: $? = 0
configure:10268: result: yes
configure:10284: checking for getcwd
configure:10340: gcc -std=gnu99 -o conftest -O3 -fomit-frame-pointer -fstrict-aliasing   conftest.c  >&5
configure:10347: $? = 0
configure:10369: result: yes
configure:10385: checking for stat
configure:10441: gcc -std=gnu99 -o conftest -O3 -fomit-frame-pointer -fstrict-aliasing   conftest.c  >&5
configure:10448: $? = 0
configure:10470: result: yes
configure:10486: checking for fstat
configure:10542: gcc -std=gnu99 -o conftest -O3 -fomit-frame-pointer -fstrict-aliasing   conftest.c  >&5
configure:10549: $? = 0
configure:10571: result: yes
configure:10588: checking for ntohs
configure:10644: gcc -std=gnu99 -o conftest -O3 -fomit-frame-pointer -fstrict-aliasing   conftest.c  >&5
configure:10651: $? = 0
configure:10673: result: yes
configure:10765: checking for ntohl
configure:10821: gcc -std=gnu99 -o conftest -O3 -fomit-frame-pointer -fstrict-aliasing   conftest.c  >&5
configure:10828: $? = 0
configure:10850: result: yes
configure:10942: checking for htons
configure:10998: gcc -std=gnu99 -o conftest -O3 -fomit-frame-pointer -fstrict-aliasing   conftest.c  >&5
configure:11005: $? = 0
configure:11027: result: yes
configure:11119: checking for htonl
configure:11175: gcc -std=gnu99 -o conftest -O3 -fomit-frame-pointer -fstrict-aliasing   conftest.c  >&5
configure:11182: $? = 0
configure:11204: result: yes
configure:11292: checking for _LARGEFILE_SOURCE value needed for large files
configure:11321: gcc -std=gnu99 -o conftest -O3 -fomit-frame-pointer -fstrict-aliasing   conftest.c  >&5
configure:11328: $? = 0
configure:11401: result: no
configure:11435: checking for special C compiler options needed for large files
configure:11530: result: no
configure:11536: checking for _FILE_OFFSET_BITS value needed for large files
configure:11571: gcc -std=gnu99 -c -O3 -fomit-frame-pointer -fstrict-aliasing  conftest.c >&5
configure:11578: $? = 0
configure:11647: result: no
configure:11949: creating ./config.status

## ---------------------- ##
## Running config.status. ##
## ---------------------- ##

This file was extended by HMMER config.status 3.1b1, which was
generated by GNU Autoconf 2.63.  Invocation command line was

  CONFIG_FILES    = 
  CONFIG_HEADERS  = 
  CONFIG_LINKS    = 
  CONFIG_COMMANDS = 
  $ ./config.status 

on n010

config.status:824: creating documentation/Makefile
config.status:824: creating documentation/man/Makefile
config.status:824: creating src/Makefile
config.status:824: creating testsuite/Makefile
config.status:824: creating profmark/Makefile
config.status:824: creating src/impl_sse/Makefile
config.status:824: creating easel/miniapps/Makefile
config.status:824: creating easel/testsuite/Makefile
config.status:824: creating easel/Makefile
config.status:824: creating libdivsufsort/Makefile
config.status:824: creating Makefile
config.status:824: creating src/p7_config.h
config.status:824: creating easel/esl_config.h
config.status:824: creating libdivsufsort/divsufsort.h
config.status:1070: linking src/impl_sse to src/impl

## ---------------- ##
## Cache variables. ##
## ---------------- ##

ac_cv_build=x86_64-unknown-linux-gnu
ac_cv_c_bigendian=no
ac_cv_c_compiler_gnu=yes
ac_cv_c_uint16_t=yes
ac_cv_c_uint32_t=yes
ac_cv_c_uint64_t=yes
ac_cv_c_uint8_t=yes
ac_cv_env_CC_set=
ac_cv_env_CC_value=
ac_cv_env_CFLAGS_set=
ac_cv_env_CFLAGS_value=
ac_cv_env_CPPFLAGS_set=
ac_cv_env_CPPFLAGS_value=
ac_cv_env_CPP_set=
ac_cv_env_CPP_value=
ac_cv_env_LDFLAGS_set=
ac_cv_env_LDFLAGS_value=
ac_cv_env_LIBS_set=
ac_cv_env_LIBS_value=
ac_cv_env_MPICC_set=
ac_cv_env_MPICC_value=
ac_cv_env_PIC_FLAGS_set=
ac_cv_env_PIC_FLAGS_value=
ac_cv_env_build_alias_set=
ac_cv_env_build_alias_value=
ac_cv_env_host_alias_set=
ac_cv_env_host_alias_value=
ac_cv_env_target_alias_set=
ac_cv_env_target_alias_value=
ac_cv_func_fstat=yes
ac_cv_func_getcwd=yes
ac_cv_func_getpid=yes
ac_cv_func_htonl=yes
ac_cv_func_htons=yes
ac_cv_func_mkstemp=yes
ac_cv_func_ntohl=yes
ac_cv_func_ntohs=yes
ac_cv_func_popen=yes
ac_cv_func_stat=yes
ac_cv_func_strcasecmp=yes
ac_cv_func_sysconf=yes
ac_cv_func_sysctl=yes
ac_cv_func_times=yes
ac_cv_header_endian_h=yes
ac_cv_header_inttypes_h=yes
ac_cv_header_memory_h=yes
ac_cv_header_stdc=yes
ac_cv_header_stdint_h=yes
ac_cv_header_stdlib_h=yes
ac_cv_header_string_h=yes
ac_cv_header_strings_h=yes
ac_cv_header_sys_stat_h=yes
ac_cv_header_sys_sysctl_h=yes
ac_cv_header_sys_types_h=yes
ac_cv_header_unistd_h=yes
ac_cv_host=x86_64-unknown-linux-gnu
ac_cv_objext=o
ac_cv_path_AR=/usr/bin/ar
ac_cv_path_EGREP='/bin/grep -E'
ac_cv_path_GREP=/bin/grep
ac_cv_path_HAVE_GZIP=/bin/gzip
ac_cv_path_install='/usr/bin/install -c'
ac_cv_prog_CPP='gcc -E'
ac_cv_prog_PTHREAD_CC=gcc
ac_cv_prog_ac_ct_CC=gcc
ac_cv_prog_ac_ct_RANLIB=ranlib
ac_cv_prog_cc_c89=
ac_cv_prog_cc_c99=-std=gnu99
ac_cv_prog_cc_g=yes
ac_cv_prog_cc_stdc=-std=gnu99
ac_cv_sys_file_offset_bits=no
ac_cv_sys_largefile_CC=no
ac_cv_sys_largefile_source=no
ac_cv_type_off_t=yes
ax_cv_c_compiler_vendor=gnu
ax_cv_c_flags__O3__fomit_frame_pointer__fstrict_aliasing=yes
ax_cv_c_flags__fstrict_aliasing=yes
ax_cv_c_flags__march_pentiumpro=no
ax_cv_c_flags__mcpu_pentiumpro=no
ax_cv_c_flags__mpentiumpro=no
ax_cv_c_flags__msse2=yes
ax_cv_gcc_archflag=unknown
ax_cv_gcc_x86_cpuid_0=d:756e6547:6c65746e:49656e69
ax_cv_gcc_x86_cpuid_1=306e4:23200800:7fbee3ff:bfebfbff

## ----------------- ##
## Output variables. ##
## ----------------- ##

AR='/usr/bin/ar'
CC='gcc -std=gnu99'
CFLAGS='-O3 -fomit-frame-pointer -fstrict-aliasing'
CPP='gcc -E'
CPPFLAGS=''
DEFS='-DHAVE_CONFIG_H'
EASEL_COPYRIGHT='Copyright (C) 2013 Howard Hughes Medical Institute.'
EASEL_DATE='May 2013'
EASEL_LICENSE='Freely distributed under the Janelia Farm Software License.'
EASEL_URL='http://bioeasel.org/'
EASEL_VERSION='h3.1b1'
ECHO_C=''
ECHO_N='-n'
ECHO_T=''
EGREP='/bin/grep -E'
EXEC_DEPENDENCY='%: %.o'
EXEEXT=''
GREP='/bin/grep'
GROUPHMMERLIBS='-Wl,--start-group -lhmmer -lhmmerimpl -Wl,--end-group'
HAVE_GZIP='/bin/gzip'
HMMERIMPLLIB='impl_sse/libhmmerimpl.a'
HMMER_COPYRIGHT='Copyright (C) 2013 Howard Hughes Medical Institute.'
HMMER_DATE='May 2013'
HMMER_ESLDIR='easel'
HMMER_LICENSE='Freely distributed under the GNU General Public License (GPLv3).'
HMMER_SADIR='libdivsufsort'
HMMER_URL='http://hmmer.org/'
HMMER_VERSION='3.1b1'
IMPL_CHOICE='sse'
INSTALL_DATA='${INSTALL} -m 644'
INSTALL_PROGRAM='${INSTALL}'
INSTALL_SCRIPT='${INSTALL}'
LDFLAGS=''
LIBGSL=''
LIBOBJS=''
LIBS=''
LTLIBOBJS=''
MPICC=''
MPILIBS=''
MPI_BENCHMARKS=''
MPI_UTESTS=''
OBJEXT='o'
PACKAGE_BUGREPORT='eddys@janelia.hhmi.org'
PACKAGE_NAME='HMMER'
PACKAGE_STRING='HMMER 3.1b1'
PACKAGE_TARNAME='hmmer'
PACKAGE_VERSION='3.1b1'
PATH_SEPARATOR=':'
PIC_FLAGS='-fPIC'
PRTDIAG=''
PTHREAD_CC='gcc'
PTHREAD_CFLAGS='-pthread'
PTHREAD_LIBS=''
RANLIB='ranlib'
SHELL='/bin/sh'
SIMD_CFLAGS='-msse2'
ac_ct_CC='gcc'
acx_pthread_config=''
bindir='${exec_prefix}/bin'
build='x86_64-unknown-linux-gnu'
build_alias=''
build_cpu='x86_64'
build_os='linux-gnu'
build_vendor='unknown'
datadir='${datarootdir}'
datarootdir='${prefix}/share'
docdir='${datarootdir}/doc/${PACKAGE_TARNAME}'
dvidir='${docdir}'
exec_prefix='${prefix}'
host='x86_64-unknown-linux-gnu'
host_alias=''
host_cpu='x86_64'
host_os='linux-gnu'
host_vendor='unknown'
htmldir='${docdir}'
includedir='${prefix}/include'
infodir='${datarootdir}/info'
libdir='${exec_prefix}/lib'
libexecdir='${exec_prefix}/libexec'
localedir='${datarootdir}/locale'
localstatedir='${prefix}/var'
mandir='${datarootdir}/man'
oldincludedir='/usr/include'
pdfdir='${docdir}'
prefix='/usr/local'
program_transform_name='s,x,x,'
psdir='${docdir}'
sbindir='${exec_prefix}/sbin'
sharedstatedir='${prefix}/com'
sysconfdir='${prefix}/etc'
target_alias=''

## ----------- ##
## confdefs.h. ##
## ----------- ##

#define PACKAGE_NAME "HMMER"
#define PACKAGE_TARNAME "hmmer"
#define PACKAGE_VERSION "3.1b1"
#define PACKAGE_STRING "HMMER 3.1b1"
#define PACKAGE_BUGREPORT "eddys@janelia.hhmi.org"
#define HMMER_DATE "May 2013"
#define HMMER_COPYRIGHT "Copyright (C) 2013 Howard Hughes Medical Institute."
#define HMMER_LICENSE "Freely distributed under the GNU General Public License (GPLv3)."
#define HMMER_VERSION "3.1b1"
#define HMMER_URL "http://hmmer.org/"
#define EASEL_DATE "May 2013"
#define EASEL_COPYRIGHT "Copyright (C) 2013 Howard Hughes Medical Institute."
#define EASEL_LICENSE "Freely distributed under the Janelia Farm Software License."
#define EASEL_VERSION "h3.1b1"
#define eslLIBRARY 1
#define eslDEBUGLEVEL 0
#define HMMER_THREADS 1
#define HAVE_PTHREAD 1
#define HAVE_SSE2_CAST 1
#define HAVE_FLUSH_ZERO_MODE 1
#define HAVE_SSE2 1
#define p7_IMPL_SSE 1
#define HAVE_GZIP 1
#define STDC_HEADERS 1
#define HAVE_SYS_TYPES_H 1
#define HAVE_SYS_STAT_H 1
#define HAVE_STDLIB_H 1
#define HAVE_STRING_H 1
#define HAVE_MEMORY_H 1
#define HAVE_STRINGS_H 1
#define HAVE_INTTYPES_H 1
#define HAVE_STDINT_H 1
#define HAVE_UNISTD_H 1
#define HAVE_SYS_TYPES_H 1
#define HAVE_SYS_SYSCTL_H 1
#define HAVE_UNISTD_H 1
#define HAVE_STDINT_H 1
#define HAVE_INTTYPES_H 1
#define HAVE_ENDIAN_H 1
#define HAVE_MKSTEMP 1
#define HAVE_POPEN 1
#define HAVE_STRCASECMP 1
#define HAVE_TIMES 1
#define HAVE_GETPID 1
#define HAVE_SYSCTL 1
#define HAVE_SYSCONF 1
#define HAVE_GETCWD 1
#define HAVE_STAT 1
#define HAVE_FSTAT 1
#define HAVE_NTOHS 1
#define HAVE_NTOHL 1
#define HAVE_HTONS 1
#define HAVE_HTONL 1
#define HAVE_FSEEKO 1

configure: exit 0
